mode: atomic
github.com/chrsblck/redisbeat/main.go:12.13,14.2 1 0
github.com/chrsblck/redisbeat/beat/redisbeat.go:44.23,46.2 1 2
github.com/chrsblck/redisbeat/beat/redisbeat.go:48.49,51.16 2 2
github.com/chrsblck/redisbeat/beat/redisbeat.go:56.2,56.37 1 2
github.com/chrsblck/redisbeat/beat/redisbeat.go:62.2,62.35 1 2
github.com/chrsblck/redisbeat/beat/redisbeat.go:68.2,68.35 1 2
github.com/chrsblck/redisbeat/beat/redisbeat.go:74.2,74.38 1 2
github.com/chrsblck/redisbeat/beat/redisbeat.go:80.2,80.38 1 2
github.com/chrsblck/redisbeat/beat/redisbeat.go:86.2,86.44 1 2
github.com/chrsblck/redisbeat/beat/redisbeat.go:92.2,92.48 1 2
github.com/chrsblck/redisbeat/beat/redisbeat.go:98.2,98.43 1 2
github.com/chrsblck/redisbeat/beat/redisbeat.go:104.2,104.44 1 2
github.com/chrsblck/redisbeat/beat/redisbeat.go:110.2,110.43 1 2
github.com/chrsblck/redisbeat/beat/redisbeat.go:116.2,116.48 1 2
github.com/chrsblck/redisbeat/beat/redisbeat.go:122.2,122.42 1 2
github.com/chrsblck/redisbeat/beat/redisbeat.go:128.2,128.48 1 2
github.com/chrsblck/redisbeat/beat/redisbeat.go:134.2,134.40 1 2
github.com/chrsblck/redisbeat/beat/redisbeat.go:140.2,140.49 1 2
github.com/chrsblck/redisbeat/beat/redisbeat.go:146.2,146.44 1 2
github.com/chrsblck/redisbeat/beat/redisbeat.go:152.2,152.45 1 2
github.com/chrsblck/redisbeat/beat/redisbeat.go:158.2,176.12 18 2
github.com/chrsblck/redisbeat/beat/redisbeat.go:51.16,54.3 2 0
github.com/chrsblck/redisbeat/beat/redisbeat.go:56.37,58.3 1 1
github.com/chrsblck/redisbeat/beat/redisbeat.go:58.3,60.3 1 1
github.com/chrsblck/redisbeat/beat/redisbeat.go:62.35,64.3 1 1
github.com/chrsblck/redisbeat/beat/redisbeat.go:64.3,66.3 1 1
github.com/chrsblck/redisbeat/beat/redisbeat.go:68.35,70.3 1 1
github.com/chrsblck/redisbeat/beat/redisbeat.go:70.3,72.3 1 1
github.com/chrsblck/redisbeat/beat/redisbeat.go:74.38,76.3 1 1
github.com/chrsblck/redisbeat/beat/redisbeat.go:76.3,78.3 1 1
github.com/chrsblck/redisbeat/beat/redisbeat.go:80.38,82.3 1 1
github.com/chrsblck/redisbeat/beat/redisbeat.go:82.3,84.3 1 1
github.com/chrsblck/redisbeat/beat/redisbeat.go:86.44,88.3 1 1
github.com/chrsblck/redisbeat/beat/redisbeat.go:88.3,90.3 1 1
github.com/chrsblck/redisbeat/beat/redisbeat.go:92.48,94.3 1 1
github.com/chrsblck/redisbeat/beat/redisbeat.go:94.3,96.3 1 1
github.com/chrsblck/redisbeat/beat/redisbeat.go:98.43,100.3 1 1
github.com/chrsblck/redisbeat/beat/redisbeat.go:100.3,102.3 1 1
github.com/chrsblck/redisbeat/beat/redisbeat.go:104.44,106.3 1 1
github.com/chrsblck/redisbeat/beat/redisbeat.go:106.3,108.3 1 1
github.com/chrsblck/redisbeat/beat/redisbeat.go:110.43,112.3 1 1
github.com/chrsblck/redisbeat/beat/redisbeat.go:112.3,114.3 1 1
github.com/chrsblck/redisbeat/beat/redisbeat.go:116.48,118.3 1 1
github.com/chrsblck/redisbeat/beat/redisbeat.go:118.3,120.3 1 1
github.com/chrsblck/redisbeat/beat/redisbeat.go:122.42,124.3 1 1
github.com/chrsblck/redisbeat/beat/redisbeat.go:124.3,126.3 1 1
github.com/chrsblck/redisbeat/beat/redisbeat.go:128.48,130.3 1 1
github.com/chrsblck/redisbeat/beat/redisbeat.go:130.3,132.3 1 1
github.com/chrsblck/redisbeat/beat/redisbeat.go:134.40,136.3 1 1
github.com/chrsblck/redisbeat/beat/redisbeat.go:136.3,138.3 1 1
github.com/chrsblck/redisbeat/beat/redisbeat.go:140.49,142.3 1 1
github.com/chrsblck/redisbeat/beat/redisbeat.go:142.3,144.3 1 1
github.com/chrsblck/redisbeat/beat/redisbeat.go:146.44,148.3 1 1
github.com/chrsblck/redisbeat/beat/redisbeat.go:148.3,150.3 1 1
github.com/chrsblck/redisbeat/beat/redisbeat.go:152.45,154.3 1 1
github.com/chrsblck/redisbeat/beat/redisbeat.go:154.3,156.3 1 1
github.com/chrsblck/redisbeat/beat/redisbeat.go:179.48,184.56 3 0
github.com/chrsblck/redisbeat/beat/redisbeat.go:194.2,196.13 2 0
github.com/chrsblck/redisbeat/beat/redisbeat.go:208.2,208.12 1 0
github.com/chrsblck/redisbeat/beat/redisbeat.go:184.56,187.17 2 0
github.com/chrsblck/redisbeat/beat/redisbeat.go:191.3,191.16 1 0
github.com/chrsblck/redisbeat/beat/redisbeat.go:187.17,189.4 1 0
github.com/chrsblck/redisbeat/beat/redisbeat.go:196.13,201.17 4 0
github.com/chrsblck/redisbeat/beat/redisbeat.go:201.17,203.4 1 0
github.com/chrsblck/redisbeat/beat/redisbeat.go:203.4,205.4 1 0
github.com/chrsblck/redisbeat/beat/redisbeat.go:211.45,217.6 4 0
github.com/chrsblck/redisbeat/beat/redisbeat.go:304.2,304.12 1 0
github.com/chrsblck/redisbeat/beat/redisbeat.go:217.6,218.10 1 0
github.com/chrsblck/redisbeat/beat/redisbeat.go:224.3,226.20 2 0
github.com/chrsblck/redisbeat/beat/redisbeat.go:233.3,233.21 1 0
github.com/chrsblck/redisbeat/beat/redisbeat.go:240.3,240.20 1 0
github.com/chrsblck/redisbeat/beat/redisbeat.go:247.3,247.25 1 0
github.com/chrsblck/redisbeat/beat/redisbeat.go:254.3,254.19 1 0
github.com/chrsblck/redisbeat/beat/redisbeat.go:261.3,261.25 1 0
github.com/chrsblck/redisbeat/beat/redisbeat.go:268.3,268.17 1 0
github.com/chrsblck/redisbeat/beat/redisbeat.go:275.3,275.21 1 0
github.com/chrsblck/redisbeat/beat/redisbeat.go:282.3,282.21 1 0
github.com/chrsblck/redisbeat/beat/redisbeat.go:289.3,289.22 1 0
github.com/chrsblck/redisbeat/beat/redisbeat.go:297.3,299.54 3 0
github.com/chrsblck/redisbeat/beat/redisbeat.go:219.3,220.14 1 0
github.com/chrsblck/redisbeat/beat/redisbeat.go:221.3,221.19 0 0
github.com/chrsblck/redisbeat/beat/redisbeat.go:226.20,228.18 2 0
github.com/chrsblck/redisbeat/beat/redisbeat.go:228.18,230.10 2 0
github.com/chrsblck/redisbeat/beat/redisbeat.go:233.21,235.18 2 0
github.com/chrsblck/redisbeat/beat/redisbeat.go:235.18,237.10 2 0
github.com/chrsblck/redisbeat/beat/redisbeat.go:240.20,242.18 2 0
github.com/chrsblck/redisbeat/beat/redisbeat.go:242.18,244.10 2 0
github.com/chrsblck/redisbeat/beat/redisbeat.go:247.25,249.18 2 0
github.com/chrsblck/redisbeat/beat/redisbeat.go:249.18,251.10 2 0
github.com/chrsblck/redisbeat/beat/redisbeat.go:254.19,256.18 2 0
github.com/chrsblck/redisbeat/beat/redisbeat.go:256.18,258.10 2 0
github.com/chrsblck/redisbeat/beat/redisbeat.go:261.25,263.18 2 0
github.com/chrsblck/redisbeat/beat/redisbeat.go:263.18,265.10 2 0
github.com/chrsblck/redisbeat/beat/redisbeat.go:268.17,270.18 2 0
github.com/chrsblck/redisbeat/beat/redisbeat.go:270.18,272.10 2 0
github.com/chrsblck/redisbeat/beat/redisbeat.go:275.21,277.18 2 0
github.com/chrsblck/redisbeat/beat/redisbeat.go:277.18,279.10 2 0
github.com/chrsblck/redisbeat/beat/redisbeat.go:282.21,284.18 2 0
github.com/chrsblck/redisbeat/beat/redisbeat.go:284.18,286.10 2 0
github.com/chrsblck/redisbeat/beat/redisbeat.go:289.22,291.18 2 0
github.com/chrsblck/redisbeat/beat/redisbeat.go:291.18,293.10 2 0
github.com/chrsblck/redisbeat/beat/redisbeat.go:299.54,301.4 1 0
github.com/chrsblck/redisbeat/beat/redisbeat.go:307.50,310.2 1 0
github.com/chrsblck/redisbeat/beat/redisbeat.go:313.28,316.2 2 0
github.com/chrsblck/redisbeat/beat/redisbeat.go:318.56,320.16 2 0
github.com/chrsblck/redisbeat/beat/redisbeat.go:325.2,334.12 3 0
github.com/chrsblck/redisbeat/beat/redisbeat.go:320.16,323.3 2 0
github.com/chrsblck/redisbeat/beat/redisbeat.go:338.78,343.16 4 0
github.com/chrsblck/redisbeat/beat/redisbeat.go:343.16,345.3 1 0
github.com/chrsblck/redisbeat/beat/redisbeat.go:345.3,348.3 2 0
github.com/chrsblck/redisbeat/beat/redisbeat.go:352.61,359.16 5 1
github.com/chrsblck/redisbeat/beat/redisbeat.go:364.2,366.22 2 1
github.com/chrsblck/redisbeat/beat/redisbeat.go:375.2,375.18 1 1
github.com/chrsblck/redisbeat/beat/redisbeat.go:359.16,361.3 1 0
github.com/chrsblck/redisbeat/beat/redisbeat.go:366.22,367.34 1 5
github.com/chrsblck/redisbeat/beat/redisbeat.go:371.3,373.28 3 3
github.com/chrsblck/redisbeat/beat/redisbeat.go:367.34,369.12 2 2
