mode: atomic
github.com/chrsblck/redisbeat/main.go:12.13,14.2 1 0
github.com/chrsblck/redisbeat/beat/redisbeat.go:48.23,50.2 1 3
github.com/chrsblck/redisbeat/beat/redisbeat.go:52.49,54.19 2 3
github.com/chrsblck/redisbeat/beat/redisbeat.go:59.5,59.40 1 3
github.com/chrsblck/redisbeat/beat/redisbeat.go:65.5,65.38 1 3
github.com/chrsblck/redisbeat/beat/redisbeat.go:71.5,71.38 1 3
github.com/chrsblck/redisbeat/beat/redisbeat.go:77.5,77.41 1 3
github.com/chrsblck/redisbeat/beat/redisbeat.go:83.5,83.41 1 3
github.com/chrsblck/redisbeat/beat/redisbeat.go:89.5,89.47 1 3
github.com/chrsblck/redisbeat/beat/redisbeat.go:95.5,95.51 1 3
github.com/chrsblck/redisbeat/beat/redisbeat.go:101.5,101.46 1 3
github.com/chrsblck/redisbeat/beat/redisbeat.go:107.5,107.47 1 3
github.com/chrsblck/redisbeat/beat/redisbeat.go:113.5,113.46 1 3
github.com/chrsblck/redisbeat/beat/redisbeat.go:119.5,119.51 1 3
github.com/chrsblck/redisbeat/beat/redisbeat.go:125.5,125.45 1 3
github.com/chrsblck/redisbeat/beat/redisbeat.go:131.5,131.51 1 3
github.com/chrsblck/redisbeat/beat/redisbeat.go:137.5,137.43 1 3
github.com/chrsblck/redisbeat/beat/redisbeat.go:143.5,143.52 1 3
github.com/chrsblck/redisbeat/beat/redisbeat.go:149.5,149.47 1 3
github.com/chrsblck/redisbeat/beat/redisbeat.go:155.5,155.48 1 3
github.com/chrsblck/redisbeat/beat/redisbeat.go:160.5,160.50 1 3
github.com/chrsblck/redisbeat/beat/redisbeat.go:165.5,165.50 1 3
github.com/chrsblck/redisbeat/beat/redisbeat.go:170.5,170.49 1 3
github.com/chrsblck/redisbeat/beat/redisbeat.go:176.5,196.15 21 3
github.com/chrsblck/redisbeat/beat/redisbeat.go:54.19,57.6 2 0
github.com/chrsblck/redisbeat/beat/redisbeat.go:59.40,61.6 1 1
github.com/chrsblck/redisbeat/beat/redisbeat.go:61.6,63.6 1 2
github.com/chrsblck/redisbeat/beat/redisbeat.go:65.38,67.6 1 1
github.com/chrsblck/redisbeat/beat/redisbeat.go:67.6,69.6 1 2
github.com/chrsblck/redisbeat/beat/redisbeat.go:71.38,73.6 1 1
github.com/chrsblck/redisbeat/beat/redisbeat.go:73.6,75.6 1 2
github.com/chrsblck/redisbeat/beat/redisbeat.go:77.41,79.6 1 1
github.com/chrsblck/redisbeat/beat/redisbeat.go:79.6,81.6 1 2
github.com/chrsblck/redisbeat/beat/redisbeat.go:83.41,85.6 1 1
github.com/chrsblck/redisbeat/beat/redisbeat.go:85.6,87.6 1 2
github.com/chrsblck/redisbeat/beat/redisbeat.go:89.47,91.6 1 1
github.com/chrsblck/redisbeat/beat/redisbeat.go:91.6,93.6 1 2
github.com/chrsblck/redisbeat/beat/redisbeat.go:95.51,97.6 1 1
github.com/chrsblck/redisbeat/beat/redisbeat.go:97.6,99.6 1 2
github.com/chrsblck/redisbeat/beat/redisbeat.go:101.46,103.6 1 2
github.com/chrsblck/redisbeat/beat/redisbeat.go:103.6,105.6 1 1
github.com/chrsblck/redisbeat/beat/redisbeat.go:107.47,109.6 1 2
github.com/chrsblck/redisbeat/beat/redisbeat.go:109.6,111.6 1 1
github.com/chrsblck/redisbeat/beat/redisbeat.go:113.46,115.6 1 2
github.com/chrsblck/redisbeat/beat/redisbeat.go:115.6,117.6 1 1
github.com/chrsblck/redisbeat/beat/redisbeat.go:119.51,121.6 1 2
github.com/chrsblck/redisbeat/beat/redisbeat.go:121.6,123.6 1 1
github.com/chrsblck/redisbeat/beat/redisbeat.go:125.45,127.6 1 2
github.com/chrsblck/redisbeat/beat/redisbeat.go:127.6,129.6 1 1
github.com/chrsblck/redisbeat/beat/redisbeat.go:131.51,133.6 1 2
github.com/chrsblck/redisbeat/beat/redisbeat.go:133.6,135.6 1 1
github.com/chrsblck/redisbeat/beat/redisbeat.go:137.43,139.6 1 2
github.com/chrsblck/redisbeat/beat/redisbeat.go:139.6,141.6 1 1
github.com/chrsblck/redisbeat/beat/redisbeat.go:143.52,145.6 1 2
github.com/chrsblck/redisbeat/beat/redisbeat.go:145.6,147.6 1 1
github.com/chrsblck/redisbeat/beat/redisbeat.go:149.47,151.6 1 2
github.com/chrsblck/redisbeat/beat/redisbeat.go:151.6,153.6 1 1
github.com/chrsblck/redisbeat/beat/redisbeat.go:155.48,157.6 1 2
github.com/chrsblck/redisbeat/beat/redisbeat.go:157.6,159.6 1 1
github.com/chrsblck/redisbeat/beat/redisbeat.go:160.50,162.6 1 1
github.com/chrsblck/redisbeat/beat/redisbeat.go:162.6,164.6 1 2
github.com/chrsblck/redisbeat/beat/redisbeat.go:165.50,167.6 1 1
github.com/chrsblck/redisbeat/beat/redisbeat.go:167.6,169.6 1 2
github.com/chrsblck/redisbeat/beat/redisbeat.go:170.49,172.6 1 1
github.com/chrsblck/redisbeat/beat/redisbeat.go:172.6,174.6 1 2
github.com/chrsblck/redisbeat/beat/redisbeat.go:199.48,204.59 3 0
github.com/chrsblck/redisbeat/beat/redisbeat.go:214.5,216.16 2 0
github.com/chrsblck/redisbeat/beat/redisbeat.go:228.5,228.15 1 0
github.com/chrsblck/redisbeat/beat/redisbeat.go:204.59,207.23 2 0
github.com/chrsblck/redisbeat/beat/redisbeat.go:211.9,211.22 1 0
github.com/chrsblck/redisbeat/beat/redisbeat.go:207.23,209.10 1 0
github.com/chrsblck/redisbeat/beat/redisbeat.go:216.16,221.23 4 0
github.com/chrsblck/redisbeat/beat/redisbeat.go:221.23,223.10 1 0
github.com/chrsblck/redisbeat/beat/redisbeat.go:223.10,225.10 1 0
github.com/chrsblck/redisbeat/beat/redisbeat.go:231.45,237.9 4 0
github.com/chrsblck/redisbeat/beat/redisbeat.go:325.5,325.15 1 0
github.com/chrsblck/redisbeat/beat/redisbeat.go:237.9,238.16 1 0
github.com/chrsblck/redisbeat/beat/redisbeat.go:244.9,246.26 3 0
github.com/chrsblck/redisbeat/beat/redisbeat.go:254.9,254.27 1 0
github.com/chrsblck/redisbeat/beat/redisbeat.go:261.9,261.26 1 0
github.com/chrsblck/redisbeat/beat/redisbeat.go:268.9,268.31 1 0
github.com/chrsblck/redisbeat/beat/redisbeat.go:275.9,275.25 1 0
github.com/chrsblck/redisbeat/beat/redisbeat.go:282.9,282.31 1 0
github.com/chrsblck/redisbeat/beat/redisbeat.go:289.9,289.23 1 0
github.com/chrsblck/redisbeat/beat/redisbeat.go:296.9,296.27 1 0
github.com/chrsblck/redisbeat/beat/redisbeat.go:303.9,303.27 1 0
github.com/chrsblck/redisbeat/beat/redisbeat.go:310.9,310.28 1 0
github.com/chrsblck/redisbeat/beat/redisbeat.go:318.9,320.60 3 0
github.com/chrsblck/redisbeat/beat/redisbeat.go:239.9,240.23 1 0
github.com/chrsblck/redisbeat/beat/redisbeat.go:241.9,241.25 0 0
github.com/chrsblck/redisbeat/beat/redisbeat.go:246.26,249.27 2 0
github.com/chrsblck/redisbeat/beat/redisbeat.go:249.27,251.22 2 0
github.com/chrsblck/redisbeat/beat/redisbeat.go:254.27,256.27 2 0
github.com/chrsblck/redisbeat/beat/redisbeat.go:256.27,258.22 2 0
github.com/chrsblck/redisbeat/beat/redisbeat.go:261.26,263.27 2 0
github.com/chrsblck/redisbeat/beat/redisbeat.go:263.27,265.22 2 0
github.com/chrsblck/redisbeat/beat/redisbeat.go:268.31,270.27 2 0
github.com/chrsblck/redisbeat/beat/redisbeat.go:270.27,272.22 2 0
github.com/chrsblck/redisbeat/beat/redisbeat.go:275.25,277.27 2 0
github.com/chrsblck/redisbeat/beat/redisbeat.go:277.27,279.22 2 0
github.com/chrsblck/redisbeat/beat/redisbeat.go:282.31,284.27 2 0
github.com/chrsblck/redisbeat/beat/redisbeat.go:284.27,286.22 2 0
github.com/chrsblck/redisbeat/beat/redisbeat.go:289.23,291.27 2 0
github.com/chrsblck/redisbeat/beat/redisbeat.go:291.27,293.22 2 0
github.com/chrsblck/redisbeat/beat/redisbeat.go:296.27,298.27 2 0
github.com/chrsblck/redisbeat/beat/redisbeat.go:298.27,300.22 2 0
github.com/chrsblck/redisbeat/beat/redisbeat.go:303.27,305.27 2 0
github.com/chrsblck/redisbeat/beat/redisbeat.go:305.27,307.22 2 0
github.com/chrsblck/redisbeat/beat/redisbeat.go:310.28,312.27 2 0
github.com/chrsblck/redisbeat/beat/redisbeat.go:312.27,314.22 2 0
github.com/chrsblck/redisbeat/beat/redisbeat.go:320.60,322.10 1 0
github.com/chrsblck/redisbeat/beat/redisbeat.go:328.50,331.2 1 0
github.com/chrsblck/redisbeat/beat/redisbeat.go:334.28,337.2 2 0
github.com/chrsblck/redisbeat/beat/redisbeat.go:339.56,341.19 2 0
github.com/chrsblck/redisbeat/beat/redisbeat.go:346.5,355.15 3 0
github.com/chrsblck/redisbeat/beat/redisbeat.go:341.19,344.6 2 0
github.com/chrsblck/redisbeat/beat/redisbeat.go:359.78,364.19 4 0
github.com/chrsblck/redisbeat/beat/redisbeat.go:364.19,366.6 1 0
github.com/chrsblck/redisbeat/beat/redisbeat.go:366.6,369.6 2 0
github.com/chrsblck/redisbeat/beat/redisbeat.go:371.39,376.19 5 1
github.com/chrsblck/redisbeat/beat/redisbeat.go:379.5,380.15 2 1
github.com/chrsblck/redisbeat/beat/redisbeat.go:376.19,378.6 1 0
github.com/chrsblck/redisbeat/beat/redisbeat.go:383.41,385.36 2 0
github.com/chrsblck/redisbeat/beat/redisbeat.go:400.5,403.48 4 0
github.com/chrsblck/redisbeat/beat/redisbeat.go:385.36,387.31 2 0
github.com/chrsblck/redisbeat/beat/redisbeat.go:394.9,394.41 1 0
github.com/chrsblck/redisbeat/beat/redisbeat.go:387.31,390.10 2 0
github.com/chrsblck/redisbeat/beat/redisbeat.go:390.10,390.28 1 0
github.com/chrsblck/redisbeat/beat/redisbeat.go:390.28,393.10 2 0
github.com/chrsblck/redisbeat/beat/redisbeat.go:394.41,395.44 1 0
github.com/chrsblck/redisbeat/beat/redisbeat.go:395.44,397.18 1 0
github.com/chrsblck/redisbeat/beat/redisbeat.go:406.74,407.39 1 0
github.com/chrsblck/redisbeat/beat/redisbeat.go:407.39,409.34 2 0
github.com/chrsblck/redisbeat/beat/redisbeat.go:409.34,411.10 1 0
github.com/chrsblck/redisbeat/beat/redisbeat.go:416.65,420.18 4 1
github.com/chrsblck/redisbeat/beat/redisbeat.go:420.18,422.6 1 0
github.com/chrsblck/redisbeat/beat/redisbeat.go:422.6,424.37 2 1
github.com/chrsblck/redisbeat/beat/redisbeat.go:424.37,426.10 1 0
github.com/chrsblck/redisbeat/beat/redisbeat.go:430.82,435.19 5 0
github.com/chrsblck/redisbeat/beat/redisbeat.go:438.5,438.28 1 0
github.com/chrsblck/redisbeat/beat/redisbeat.go:445.5,445.22 1 0
github.com/chrsblck/redisbeat/beat/redisbeat.go:435.19,437.6 1 0
github.com/chrsblck/redisbeat/beat/redisbeat.go:438.28,440.23 2 0
github.com/chrsblck/redisbeat/beat/redisbeat.go:443.9,443.28 1 0
github.com/chrsblck/redisbeat/beat/redisbeat.go:440.23,442.10 1 0
github.com/chrsblck/redisbeat/beat/redisbeat.go:448.89,453.32 2 0
github.com/chrsblck/redisbeat/beat/redisbeat.go:456.5,457.15 2 0
github.com/chrsblck/redisbeat/beat/redisbeat.go:453.32,455.6 1 0
github.com/chrsblck/redisbeat/beat/redisbeat.go:460.45,465.19 5 0
github.com/chrsblck/redisbeat/beat/redisbeat.go:472.5,472.15 1 0
github.com/chrsblck/redisbeat/beat/redisbeat.go:465.19,468.6 2 0
github.com/chrsblck/redisbeat/beat/redisbeat.go:468.6,471.6 2 0
github.com/chrsblck/redisbeat/beat/redisbeat.go:475.43,480.19 5 0
github.com/chrsblck/redisbeat/beat/redisbeat.go:486.5,486.15 1 0
github.com/chrsblck/redisbeat/beat/redisbeat.go:480.19,483.6 2 0
github.com/chrsblck/redisbeat/beat/redisbeat.go:483.6,485.6 1 0
github.com/chrsblck/redisbeat/beat/redisbeat.go:489.87,493.32 4 0
github.com/chrsblck/redisbeat/beat/redisbeat.go:501.5,501.15 1 0
github.com/chrsblck/redisbeat/beat/redisbeat.go:493.32,495.23 2 0
github.com/chrsblck/redisbeat/beat/redisbeat.go:495.23,497.10 1 0
github.com/chrsblck/redisbeat/beat/redisbeat.go:497.10,499.10 1 0
github.com/chrsblck/redisbeat/beat/redisbeat.go:504.69,509.32 2 0
github.com/chrsblck/redisbeat/beat/redisbeat.go:512.5,513.15 2 0
github.com/chrsblck/redisbeat/beat/redisbeat.go:509.32,511.6 1 0
github.com/chrsblck/redisbeat/beat/redisbeat.go:516.77,521.32 5 0
github.com/chrsblck/redisbeat/beat/redisbeat.go:529.5,529.18 1 0
github.com/chrsblck/redisbeat/beat/redisbeat.go:521.32,523.23 2 0
github.com/chrsblck/redisbeat/beat/redisbeat.go:523.23,525.10 1 0
github.com/chrsblck/redisbeat/beat/redisbeat.go:525.10,527.10 1 0
github.com/chrsblck/redisbeat/beat/redisbeat.go:532.43,537.19 5 0
github.com/chrsblck/redisbeat/beat/redisbeat.go:544.5,544.15 1 0
github.com/chrsblck/redisbeat/beat/redisbeat.go:537.19,540.6 2 0
github.com/chrsblck/redisbeat/beat/redisbeat.go:540.6,543.6 2 0
github.com/chrsblck/redisbeat/beat/redisbeat.go:547.40,549.35 2 0
github.com/chrsblck/redisbeat/beat/redisbeat.go:552.5,555.15 4 0
github.com/chrsblck/redisbeat/beat/redisbeat.go:549.35,551.6 1 0
github.com/chrsblck/redisbeat/beat/redisbeat.go:558.79,563.32 5 0
github.com/chrsblck/redisbeat/beat/redisbeat.go:566.5,567.19 2 0
github.com/chrsblck/redisbeat/beat/redisbeat.go:571.5,572.30 2 0
github.com/chrsblck/redisbeat/beat/redisbeat.go:575.5,575.18 1 0
github.com/chrsblck/redisbeat/beat/redisbeat.go:563.32,565.6 1 0
github.com/chrsblck/redisbeat/beat/redisbeat.go:567.19,570.6 2 0
github.com/chrsblck/redisbeat/beat/redisbeat.go:572.30,574.6 1 0
github.com/chrsblck/redisbeat/beat/redisbeat.go:580.61,587.19 5 1
github.com/chrsblck/redisbeat/beat/redisbeat.go:592.5,594.25 2 1
github.com/chrsblck/redisbeat/beat/redisbeat.go:603.5,603.21 1 1
github.com/chrsblck/redisbeat/beat/redisbeat.go:587.19,589.6 1 0
github.com/chrsblck/redisbeat/beat/redisbeat.go:594.25,595.40 1 5
github.com/chrsblck/redisbeat/beat/redisbeat.go:599.9,601.34 3 3
github.com/chrsblck/redisbeat/beat/redisbeat.go:595.40,597.21 2 2
